<?xml version="1.0" encoding="utf-8"?><testsuites><testsuite name="pytest" errors="0" failures="0" skipped="0" tests="0" time="0.328" timestamp="2025-06-12T09:31:54.111365" hostname="JCPC" /></testsuites>